# JRE version: OpenJDK Runtime Environment (8.0_202-b213) (build 1.8.0_202-release-b1493)
# Java VM: OpenJDK 64-Bit Server VM (25.202-b1493 mixed mode windows-amd64 compressed oops)
Heap:
 PSYoungGen      total 150528K, used 117832K [0x00000000eab00000, 0x00000000f5100000, 0x0000000100000000)
  eden space 131072K, 88% used [0x00000000eab00000,0x00000000f1c6a398,0x00000000f2b00000)
  from space 19456K, 8% used [0x00000000f2b00000,0x00000000f2ca8000,0x00000000f3e00000)
  to   space 18432K, 0% used [0x00000000f3f00000,0x00000000f3f00000,0x00000000f5100000)
 ParOldGen       total 86016K, used 72073K [0x00000000c0000000, 0x00000000c5400000, 0x00000000eab00000)
  object space 86016K, 83% used [0x00000000c0000000,0x00000000c4662598,0x00000000c5400000)
 Metaspace       used 17248K, capacity 18592K, committed 18944K, reserved 1064960K
  class space    used 2138K, capacity 2444K, committed 2560K, reserved 1048576K
GC Heap History (10 events):
Event: 8.199 GC heap before
{Heap before GC invocations=15 (full 0):
 PSYoungGen      total 149504K, used 132640K [0x00000000eab00000, 0x00000000f5100000, 0x0000000100000000)
  eden space 131072K, 100% used [0x00000000eab00000,0x00000000f2b00000,0x00000000f2b00000)
  from space 18432K, 8% used [0x00000000f3f00000,0x00000000f4088000,0x00000000f5100000)
  to   space 19456K, 0% used [0x00000000f2b00000,0x00000000f2b00000,0x00000000f3e00000)
 ParOldGen       total 86016K, used 64677K [0x00000000c0000000, 0x00000000c5400000, 0x00000000eab00000)
  object space 86016K, 75% used [0x00000000c0000000,0x00000000c3f29520,0x00000000c5400000)
 Metaspace       used 17177K, capacity 18502K, committed 18688K, reserved 1064960K
  class space    used 2135K, capacity 2441K, committed 2560K, reserved 1048576K
Event: 8.208 GC heap after
Heap after GC invocations=15 (full 0):
 PSYoungGen      total 150528K, used 1696K [0x00000000eab00000, 0x00000000f5100000, 0x0000000100000000)
  eden space 131072K, 0% used [0x00000000eab00000,0x00000000eab00000,0x00000000f2b00000)
  from space 19456K, 8% used [0x00000000f2b00000,0x00000000f2ca8000,0x00000000f3e00000)
  to   space 18432K, 0% used [0x00000000f3f00000,0x00000000f3f00000,0x00000000f5100000)
 ParOldGen       total 86016K, used 65909K [0x00000000c0000000, 0x00000000c5400000, 0x00000000eab00000)
  object space 86016K, 76% used [0x00000000c0000000,0x00000000c405d530,0x00000000c5400000)
 Metaspace       used 17177K, capacity 18502K, committed 18688K, reserved 1064960K
  class space    used 2135K, capacity 2441K, committed 2560K, reserved 1048576K
}
Event: 8.566 GC heap before
{Heap before GC invocations=16 (full 0):
 PSYoungGen      total 150528K, used 132768K [0x00000000eab00000, 0x00000000f5100000, 0x0000000100000000)
  eden space 131072K, 100% used [0x00000000eab00000,0x00000000f2b00000,0x00000000f2b00000)
  from space 19456K, 8% used [0x00000000f2b00000,0x00000000f2ca8000,0x00000000f3e00000)
  to   space 18432K, 0% used [0x00000000f3f00000,0x00000000f3f00000,0x00000000f5100000)
 ParOldGen       total 86016K, used 65909K [0x00000000c0000000, 0x00000000c5400000, 0x00000000eab00000)
  object space 86016K, 76% used [0x00000000c0000000,0x00000000c405d530,0x00000000c5400000)
 Metaspace       used 17198K, capacity 18506K, committed 18688K, reserved 1064960K
  class space    used 2137K, capacity 2443K, committed 2560K, reserved 1048576K
Event: 8.581 GC heap after
Heap after GC invocations=16 (full 0):
 PSYoungGen      total 149504K, used 2336K [0x00000000eab00000, 0x00000000f5100000, 0x0000000100000000)
  eden space 131072K, 0% used [0x00000000eab00000,0x00000000eab00000,0x00000000f2b00000)
  from space 18432K, 12% used [0x00000000f3f00000,0x00000000f4148000,0x00000000f5100000)
  to   space 19456K, 0% used [0x00000000f2b00000,0x00000000f2b00000,0x00000000f3e00000)
 ParOldGen       total 86016K, used 67189K [0x00000000c0000000, 0x00000000c5400000, 0x00000000eab00000)
  object space 86016K, 78% used [0x00000000c0000000,0x00000000c419d530,0x00000000c5400000)
 Metaspace       used 17198K, capacity 18506K, committed 18688K, reserved 1064960K
  class space    used 2137K, capacity 2443K, committed 2560K, reserved 1048576K
}
Event: 8.982 GC heap before
{Heap before GC invocations=17 (full 0):
 PSYoungGen      total 149504K, used 133408K [0x00000000eab00000, 0x00000000f5100000, 0x0000000100000000)
  eden space 131072K, 100% used [0x00000000eab00000,0x00000000f2b00000,0x00000000f2b00000)
  from space 18432K, 12% used [0x00000000f3f00000,0x00000000f4148000,0x00000000f5100000)
  to   space 19456K, 0% used [0x00000000f2b00000,0x00000000f2b00000,0x00000000f3e00000)
 ParOldGen       total 86016K, used 67189K [0x00000000c0000000, 0x00000000c5400000, 0x00000000eab00000)
  object space 86016K, 78% used [0x00000000c0000000,0x00000000c419d530,0x00000000c5400000)
 Metaspace       used 17209K, capacity 18584K, committed 18944K, reserved 1064960K
  class space    used 2138K, capacity 2444K, committed 2560K, reserved 1048576K
Event: 8.993 GC heap after
Heap after GC invocations=17 (full 0):
 PSYoungGen      total 150528K, used 1920K [0x00000000eab00000, 0x00000000f5100000, 0x0000000100000000)
  eden space 131072K, 0% used [0x00000000eab00000,0x00000000eab00000,0x00000000f2b00000)
  from space 19456K, 9% used [0x00000000f2b00000,0x00000000f2ce0000,0x00000000f3e00000)
  to   space 18432K, 0% used [0x00000000f3f00000,0x00000000f3f00000,0x00000000f5100000)
 ParOldGen       total 86016K, used 68890K [0x00000000c0000000, 0x00000000c5400000, 0x00000000eab00000)
  object space 86016K, 80% used [0x00000000c0000000,0x00000000c4346888,0x00000000c5400000)
 Metaspace       used 17209K, capacity 18584K, committed 18944K, reserved 1064960K
  class space    used 2138K, capacity 2444K, committed 2560K, reserved 1048576K
}
Event: 9.342 GC heap before
{Heap before GC invocations=18 (full 0):
 PSYoungGen      total 150528K, used 132992K [0x00000000eab00000, 0x00000000f5100000, 0x0000000100000000)
  eden space 131072K, 100% used [0x00000000eab00000,0x00000000f2b00000,0x00000000f2b00000)
  from space 19456K, 9% used [0x00000000f2b00000,0x00000000f2ce0000,0x00000000f3e00000)
  to   space 18432K, 0% used [0x00000000f3f00000,0x00000000f3f00000,0x00000000f5100000)
 ParOldGen       total 86016K, used 68890K [0x00000000c0000000, 0x00000000c5400000, 0x00000000eab00000)
  object space 86016K, 80% used [0x00000000c0000000,0x00000000c4346888,0x00000000c5400000)
 Metaspace       used 17223K, capacity 18584K, committed 18944K, reserved 1064960K
  class space    used 2138K, capacity 2444K, committed 2560K, reserved 1048576K
Event: 9.352 GC heap after
Heap after GC invocations=18 (full 0):
 PSYoungGen      total 149504K, used 2240K [0x00000000eab00000, 0x00000000f5100000, 0x0000000100000000)
  eden space 131072K, 0% used [0x00000000eab00000,0x00000000eab00000,0x00000000f2b00000)
  from space 18432K, 12% used [0x00000000f3f00000,0x00000000f4130000,0x00000000f5100000)
  to   space 19456K, 0% used [0x00000000f2b00000,0x00000000f2b00000,0x00000000f3e00000)
 ParOldGen       total 86016K, used 70474K [0x00000000c0000000, 0x00000000c5400000, 0x00000000eab00000)
  object space 86016K, 81% used [0x00000000c0000000,0x00000000c44d2898,0x00000000c5400000)
 Metaspace       used 17223K, capacity 18584K, committed 18944K, reserved 1064960K
  class space    used 2138K, capacity 2444K, committed 2560K, reserved 1048576K
}
Event: 9.735 GC heap before
{Heap before GC invocations=19 (full 0):
 PSYoungGen      total 149504K, used 133312K [0x00000000eab00000, 0x00000000f5100000, 0x0000000100000000)
  eden space 131072K, 100% used [0x00000000eab00000,0x00000000f2b00000,0x00000000f2b00000)
  from space 18432K, 12% used [0x00000000f3f00000,0x00000000f4130000,0x00000000f5100000)
  to   space 19456K, 0% used [0x00000000f2b00000,0x00000000f2b00000,0x00000000f3e00000)
 ParOldGen       total 86016K, used 70474K [0x00000000c0000000, 0x00000000c5400000, 0x00000000eab00000)
  object space 86016K, 81% used [0x00000000c0000000,0x00000000c44d2898,0x00000000c5400000)
 Metaspace       used 17238K, capacity 18588K, committed 18944K, reserved 1064960K
  class space    used 2138K, capacity 2444K, committed 2560K, reserved 1048576K
Event: 9.747 GC heap after
Heap after GC invocations=19 (full 0):
 PSYoungGen      total 150528K, used 1696K [0x00000000eab00000, 0x00000000f5100000, 0x0000000100000000)
  eden space 131072K, 0% used [0x00000000eab00000,0x00000000eab00000,0x00000000f2b00000)
  from space 19456K, 8% used [0x00000000f2b00000,0x00000000f2ca8000,0x00000000f3e00000)
  to   space 18432K, 0% used [0x00000000f3f00000,0x00000000f3f00000,0x00000000f5100000)
 ParOldGen       total 86016K, used 72073K [0x00000000c0000000, 0x00000000c5400000, 0x00000000eab00000)
  object space 86016K, 83% used [0x00000000c0000000,0x00000000c4662598,0x00000000c5400000)
 Metaspace       used 17238K, capacity 18588K, committed 18944K, reserved 1064960K
  class space    used 2138K, capacity 2444K, committed 2560K, reserved 1048576K
}

